<?xml version="1.0" encoding="UTF-8"?>
<!-- Generated by org.testng.reporters.JUnitReportReporter -->
<testsuite hostname="DS-7071BC8FD8F3" name="com.qsrversion.test.TestHomePageQsrVersion" tests="1" failures="0" timestamp="26 Jul 2017 06:28:13 GMT" time="85.654" errors="0">
  <testcase name="loginToHomePage" time="85.654" classname="com.qsrversion.test.TestHomePageQsrVersion"/>
</testsuite> <!-- com.qsrversion.test.TestHomePageQsrVersion -->
